<?xml version="1.0" encoding="UTF-8"?>
<testsuites>
  <testsuite name="fastlane.lanes">
    
    
    
      
      <testcase classname="fastlane.lanes" name="0: default_platform" time="0.000379">
        
      </testcase>
    
      
      <testcase classname="fastlane.lanes" name="1: build_app" time="196.365407">
        
      </testcase>
    
      
      <testcase classname="fastlane.lanes" name="2: upload_to_testflight" time="547.926539">
        
          <failure message="/opt/homebrew/Cellar/fastlane/2.210.1/libexec/gems/fastlane-2.210.1/fastlane/lib/fastlane/actions/actions_helper.rb:67:in `execute_action&apos;&#10;/opt/homebrew/Cellar/fastlane/2.210.1/libexec/gems/fastlane-2.210.1/fastlane/lib/fastlane/runner.rb:255:in `block in execute_action&apos;&#10;/opt/homebrew/Cellar/fastlane/2.210.1/libexec/gems/fastlane-2.210.1/fastlane/lib/fastlane/runner.rb:229:in `chdir&apos;&#10;/opt/homebrew/Cellar/fastlane/2.210.1/libexec/gems/fastlane-2.210.1/fastlane/lib/fastlane/runner.rb:229:in `execute_action&apos;&#10;/opt/homebrew/Cellar/fastlane/2.210.1/libexec/gems/fastlane-2.210.1/fastlane/lib/fastlane/runner.rb:157:in `trigger_action_by_name&apos;&#10;/opt/homebrew/Cellar/fastlane/2.210.1/libexec/gems/fastlane-2.210.1/fastlane/lib/fastlane/fast_file.rb:159:in `method_missing&apos;&#10;Fastfile:22:in `block (2 levels) in parsing_binding&apos;&#10;/opt/homebrew/Cellar/fastlane/2.210.1/libexec/gems/fastlane-2.210.1/fastlane/lib/fastlane/lane.rb:33:in `call&apos;&#10;/opt/homebrew/Cellar/fastlane/2.210.1/libexec/gems/fastlane-2.210.1/fastlane/lib/fastlane/runner.rb:49:in `block in execute&apos;&#10;/opt/homebrew/Cellar/fastlane/2.210.1/libexec/gems/fastlane-2.210.1/fastlane/lib/fastlane/runner.rb:45:in `chdir&apos;&#10;/opt/homebrew/Cellar/fastlane/2.210.1/libexec/gems/fastlane-2.210.1/fastlane/lib/fastlane/runner.rb:45:in `execute&apos;&#10;/opt/homebrew/Cellar/fastlane/2.210.1/libexec/gems/fastlane-2.210.1/fastlane/lib/fastlane/lane_manager.rb:47:in `cruise_lane&apos;&#10;/opt/homebrew/Cellar/fastlane/2.210.1/libexec/gems/fastlane-2.210.1/fastlane/lib/fastlane/command_line_handler.rb:36:in `handle&apos;&#10;/opt/homebrew/Cellar/fastlane/2.210.1/libexec/gems/fastlane-2.210.1/fastlane/lib/fastlane/commands_generator.rb:110:in `block (2 levels) in run&apos;&#10;/opt/homebrew/Cellar/fastlane/2.210.1/libexec/gems/commander-4.6.0/lib/commander/command.rb:187:in `call&apos;&#10;/opt/homebrew/Cellar/fastlane/2.210.1/libexec/gems/commander-4.6.0/lib/commander/command.rb:157:in `run&apos;&#10;/opt/homebrew/Cellar/fastlane/2.210.1/libexec/gems/commander-4.6.0/lib/commander/runner.rb:444:in `run_active_command&apos;&#10;/opt/homebrew/Cellar/fastlane/2.210.1/libexec/gems/fastlane-2.210.1/fastlane_core/lib/fastlane_core/ui/fastlane_runner.rb:124:in `run!&apos;&#10;/opt/homebrew/Cellar/fastlane/2.210.1/libexec/gems/commander-4.6.0/lib/commander/delegates.rb:18:in `run!&apos;&#10;/opt/homebrew/Cellar/fastlane/2.210.1/libexec/gems/fastlane-2.210.1/fastlane/lib/fastlane/commands_generator.rb:354:in `run&apos;&#10;/opt/homebrew/Cellar/fastlane/2.210.1/libexec/gems/fastlane-2.210.1/fastlane/lib/fastlane/commands_generator.rb:43:in `start&apos;&#10;/opt/homebrew/Cellar/fastlane/2.210.1/libexec/gems/fastlane-2.210.1/fastlane/lib/fastlane/cli_tools_distributor.rb:123:in `take_off&apos;&#10;/opt/homebrew/Cellar/fastlane/2.210.1/libexec/gems/fastlane-2.210.1/bin/fastlane:23:in `&lt;top (required)&gt;&apos;&#10;/opt/homebrew/Cellar/fastlane/2.210.1/libexec/bin/fastlane:25:in `load&apos;&#10;/opt/homebrew/Cellar/fastlane/2.210.1/libexec/bin/fastlane:25:in `&lt;main&gt;&apos;&#10;&#10;Error uploading ipa file: &#10; [Transporter Error Output]: java.lang.IllegalArgumentException: argument content is null&#10;[Transporter Error Output]: could not upload file: 7b11abf2-bd7e-4a5e-aad3-7aa06fbc8c4d.ipa&#10;[Transporter Error Output]: Return status of iTunes Transporter was 1: java.lang.IllegalArgumentException: argument content is null\ncould not upload file: 7b11abf2-bd7e-4a5e-aad3-7aa06fbc8c4d.ipa&#10;[Transporter Error Output]: The call to the iTMSTransporter completed with a non-zero exit status: 1. This indicates a failure." />
        
      </testcase>
    
  </testsuite>
</testsuites>
